         w _ITM_deregisterTMCloneTable
         w _ITM_registerTMCloneTable
         w __deregister_frame_info
         w __register_frame_info
00000000 b .LANCHOR1
00000000 b _TLS_MODULE_BASE_
00000000 00000401 b __fixedpath
00000000 a shift
00000000 a shift
00000404 b .LANCHOR3
00000404 00000802 b __utf16path
00000c08 b .LANCHOR5
00000c08 00000802 b __utf16path_old.8577
00100000 A __start__
00100000 T _start
00100008 T __service_ptr
0010000c T __apt_appid
00100010 T __heap_size
00100014 T __linear_heap_size
00100018 T __system_arglist
0010001c T __system_runflags
00100020 t startup
00100058 t ClearMem
0010006c t ClrLoop
00100094 T _init
001000ac T initSystem
001000f0 T __ctru_exit
00100110 T __aeabi_idiv
00100110 00000220 T __divsi3
00100118 t .divsi3_skip_div0_test
00100330 00000020 T __aeabi_idivmod
00100350 00000004 W __aeabi_idiv0
00100350 00000004 W __aeabi_ldiv0
00100354 T __aeabi_drsub
0010035c 000002b0 T __aeabi_dsub
0010035c 000002b0 T __subdf3
00100360 000002ac T __adddf3
00100360 000002ac T __aeabi_dadd
0010060c 00000024 T __aeabi_ui2d
0010060c 00000024 T __floatunsidf
00100630 00000028 T __aeabi_i2d
00100630 00000028 T __floatsidf
00100658 00000048 T __aeabi_f2d
00100658 00000048 T __extendsfdf2
001006a0 00000074 T __aeabi_ul2d
001006a0 00000074 T __floatundidf
001006b4 00000060 T __aeabi_l2d
001006b4 00000060 T __floatdidf
00100714 T __aeabi_uldivmod
00100768 00000390 T strcmp
00100af0 t .udivsi3_skip_div0_test
00100af0 T __aeabi_uidiv
00100af0 000001ec T __udivsi3
00100cdc 00000020 T __aeabi_uidivmod
00100cfc t deregister_tm_clones
00100d28 t register_tm_clones
00100d60 t __do_global_dtors_aux
00100da4 t frame_dummy
00100dd8 00000028 t C2D_SceneBegin
00100e00 00000484 T main
00101284 0000032c T C2D_Init
001015b0 00000048 T C2D_Fini
001015f8 000000c8 T C2D_Prepare
001016c0 0000010c T C2D_SceneSize
001017cc 00000044 T C2D_CreateScreenTarget
00101810 00000030 T C2Di_FlushVtxBuf
00101840 00000020 t C2Di_FrameEndHook
00101860 00000018 T C2D_Flush
00101878 00000030 T C2D_TargetClear
001018a8 000000c4 t C3Di_SplitFrame.part.1
0010196c 00000004 W C3Di_LightEnvUpdate
00101970 00000004 W C3Di_LightEnvDirty
00101974 000000ac t C3Di_AptEventHook
00101a20 00000004 W C3Di_GasUpdate
00101a24 0000021c T C3D_Init
00101c40 00000098 T C3D_SetViewport
00101cd8 0000050c T C3Di_UpdateContext
001021e4 00000020 T C3Di_SplitFrame
00102204 00000064 T C3D_Fini
00102268 00000114 T C3D_BindProgram
0010237c 00000054 t C3Di_RenderQueueInit
001023d0 00000080 t C3Di_RenderTargetDestroy
00102450 000000ac t onVBlank1
001024fc 0000013c t onVBlank0
00102638 0000000c t C3Di_RenderTargetNew
00102644 0000007c t C3Di_WaitAndClearQueue
001026c0 000000c0 t onQueueFinish
00102780 00000044 t C3D_FrameSplit.part.6
001027c4 00000030 T C3D_FrameSync
001027f4 000000a0 T C3Di_RenderQueueExit
00102894 00000020 T C3Di_RenderQueueWaitDone
001028b4 0000007c T C3D_FrameBegin
00102930 00000048 T C3D_FrameDrawOn
00102978 00000018 T C3D_FrameSplit
00102990 00000164 T C3D_FrameEnd
00102af4 0000001c T C3D_FrameEndHook
00102b10 0000017c T C3D_RenderTargetCreate
00102c8c 0000004c T C3D_RenderTargetSetOutput
00102cd8 00000174 T C3Di_SetTex
00102e4c 0000001c T C3D_CalcColorBufSize
00102e68 0000001c T C3D_CalcDepthBufSize
00102e84 00000044 T C3D_SetFrameBuf
00102ec8 00000168 T C3Di_FrameBufBind
00103030 000000c8 T C3D_FrameBufClear
001030f8 00000048 T C3D_FrameBufTransfer
00103140 00000034 T C3D_GetTexEnv
00103174 00000024 T C3Di_TexEnvBind
00103198 0000006c T C3D_ProcTexInit
00103204 00000050 T C3D_ProcTexBind
00103254 00000060 T C3D_ProcTexLutBind
001032b4 000000a4 T ProcTexLut_FromArray
00103358 00000174 T C3Di_ProcTexUpdate
001034cc 00000068 T C3Di_ProcTexDirty
00103534 00000024 T BufInfo_Init
00103558 00000084 T BufInfo_Add
001035dc 00000040 T C3D_SetBufInfo
0010361c 00000048 T C3Di_BufInfoBind
00103664 00000148 T C3D_DrawArrays
001037ac 00000040 T C3D_DepthMap
001037ec 0000001c T C3D_CullFace
00103808 00000040 T C3D_StencilTest
00103848 00000024 T C3D_StencilOp
0010386c 0000001c T C3D_BlendingColor
00103888 00000024 T C3D_EarlyDepthTest
001038ac 0000002c T C3D_DepthTest
001038d8 0000002c T C3D_AlphaTest
00103904 00000050 T C3D_AlphaBlend
00103954 00000030 T C3D_FragOpMode
00103984 00000044 T C3D_FragOpShadow
001039c8 000001ac T C3Di_EffectBind
00103b74 00000028 T AttrInfo_Init
00103b9c 000000a0 T AttrInfo_AddLoader
00103c3c 00000054 T C3D_SetAttrInfo
00103c90 00000080 T C3Di_AttrInfoBind
00103d10 000000a4 T C3D_ImmSendAttrib
00103db4 000002b8 T C3D_UpdateUniforms
0010406c 000000c0 T C3Di_DirtyUniforms
0010412c 000000e0 T C3Di_LoadShaderUniforms
0010420c 00000028 T C3Di_ClearShaderUniforms
00104234 000000cc T Mtx_Ortho
00104300 000000cc T Mtx_OrthoTilt
001043cc 00000024 t addrMapNodeComparator(rbtree_node const*, rbtree_node const*)
001043f0 00000004 t addrMapNodeDestructor(rbtree_node*)
001043f4 00000110 T vramMemAlign
00104504 00000008 T vramAlloc
0010450c 00000050 T vramFree
0010455c 00000024 t addrMapNodeComparator(rbtree_node const*, rbtree_node const*)
00104580 00000004 t addrMapNodeDestructor(rbtree_node*)
00104584 0000011c T linearMemAlign
001046a0 00000008 T linearAlloc
001046a8 00000050 T linearFree
001046f8 00000090 T MemPool::CoalesceRight(MemBlock*)
00104788 00000174 T MemPool::Allocate(MemChunk&, unsigned long, int)
001048fc 000000fc T MemPool::Deallocate(MemChunk const&)
001049f8 00000058 t getSysTime
00104a50 00000028 t __ctru_speedup_config.part.0
00104a78 0000004c T osConvertVirtToPhys
00104ac4 00000024 T osGetMemRegionUsed
00104ae8 00000128 T __libctru_gtod
00104c10 00000018 T __ctru_speedup_config
00104c28 000001b8 T consoleDrawChar
00104de0 00000124 T consolePrintChar
00104f04 00000164 t consoleCls
00105068 00000104 T consoleInit
0010516c 00000114 t consoleClearLine
00105280 000000c4 t newRow
00105344 000007b8 T con_write
00105afc 0000008c t gfxSetFramebufferInfo.part.0
00105b88 0000006c t gfxSetFramebufferInfo
00105bf4 00000058 t gfxGetFramebuffer.part.1
00105c4c 00000010 T gfxIs3D
00105c5c 00000018 T __get_bytes_per_pixel
00105c74 00000184 T gfxSetScreenFormat
00105df8 00000010 T gfxSetDoubleBuffering
00105e08 00000210 T gfxInit
00106018 00000010 T gfxInitDefault
00106028 000000e0 T gfxExit
00106108 00000060 T gfxGetFramebuffer
00106168 000000cc T gfxFlushBuffers
00106234 000000f8 T gfxConfigScreen
0010632c 00000020 T gfxSwapBuffersGpu
0010634c 000001ec T shaderInstanceInit
00106538 00000034 T shaderInstanceFree
0010656c 00000018 T shaderInstanceGetUniformLocation
00106584 00000018 T shaderProgramInit
0010659c 0000002c T shaderProgramFree
001065c8 0000006c T shaderProgramSetVsh
00106634 000008d4 T shaderProgramConfigure
00106f08 000001f8 t DVLE_GenerateOutmap.part.0
00107100 000001cc T DVLB_ParseFile
001072cc 00000038 T DVLB_Free
00107304 00000078 T DVLE_GetUniformRegister
0010737c 00000038 t submitGxCommand
001073b4 00000010 T GX_BindQueue
001073c4 00000050 T GX_ProcessCommandList
00107414 00000054 T GX_MemoryFill
00107468 00000048 T GX_DisplayTransfer
001074b0 00000074 t gxCmdQueueDoCommands.part.0
00107524 000000c8 T gxCmdQueueInterrupt
001075ec 0000004c T gxCmdQueueClear
00107638 000000f8 T gxCmdQueueAdd
00107730 00000080 T gxCmdQueueRun
001077b0 00000060 T gxCmdQueueStop
00107810 00000084 T gxCmdQueueWait
00107894 00000138 T GPUCMD_Add
001079cc 000000b0 T GPUCMD_Split
00107a7c 00000034 T f32tof16
00107ab0 00000034 T f32tof24
00107ae4 00000038 T f32tof31
00107b1c 00000074 T gspInit
00107b90 0000003c T gspExit
00107bcc 00000034 T gspSetEventCallback
00107c00 000000a0 T gspInitEventHandler
00107ca0 00000040 T gspExitEventHandler
00107ce0 00000044 T gspWaitForEvent
00107d24 00000064 T gspWaitForAnyEvent
00107d88 00000178 t gspEventThreadMain
00107f00 00000120 T gspSubmitGxCommand
00108020 0000006c T GSPGPU_SetBufferSwap
0010808c 0000004c T GSPGPU_FlushDataCache
001080d8 00000034 T GSPGPU_SetLcdForceBlack
0010810c 00000064 T GSPGPU_RegisterInterruptRelayQueue
00108170 0000002c T GSPGPU_UnregisterInterruptRelayQueue
0010819c 00000048 T GSPGPU_AcquireRight
001081e4 0000002c T GSPGPU_ReleaseRight
00108210 00000080 T GSPGPU_ImportDisplayCaptureInfo
00108290 0000002c T GSPGPU_SaveVramSysArea
001082bc 0000002c T GSPGPU_RestoreVramSysArea
001082e8 00000004 W _aptDebug
001082ec 00000170 T aptSendCommand
0010845c 0000003c t aptExitProcess
00108498 00000034 T aptHook
001084cc 0000002c T aptUnhook
001084f8 0000004c T APT_InquireNotification
00108544 00000198 t aptEventHandler
001086dc 00000074 T APT_AppletUtility
00108750 000000b0 T aptSetSleepAllowed
00108800 000000b0 T APT_GlanceParameter
001088b0 000000c4 T APT_ReceiveParameter
00108974 000000bc t aptReceiveParameter.constprop.0
00108a30 000001e0 t aptScreenTransfer
00108c10 00000210 t aptWaitForWakeUp
00108e20 00000070 T APT_CancelParameter
00108e90 0000025c T aptInit
001090ec 00000088 t aptClearParamQueue
00109174 00000208 T aptMainLoop
00109380 0000023c T aptExit
001095bc 0000007c T APT_CheckNew3DS
00109638 00000028 t hidCheckSectionUpdateTime.part.0
00109660 000000d0 T hidExit
00109730 00000210 T hidScanInput
00109940 00000010 T hidKeysHeld
00109950 00000010 T hidKeysDown
00109960 00000090 T HIDUSER_GetHandles
001099f0 000001a4 T hidInit
00109b94 00000074 T ptmSysmInit
00109c08 0000003c T ptmSysmExit
00109c44 00000034 T PTMSYSM_ConfigureNew3DSCPU
00109c78 00000014 T rbtree_init
00109c8c 0000018c t do_insert
00109e18 00000008 T rbtree_insert
00109e20 00000090 T rbtree_rotate
00109eb0 00000330 T rbtree_remove
0010a1e0 00000074 T rbtree_find
0010a254 00000038 W __libctru_init
0010a28c 00000038 t __libctru_nanosleep
0010a2c4 00000030 t __ctru_get_reent
0010a2f4 000000fc T __system_initSyscalls
0010a3f0 00000104 W __system_allocateHeaps
0010a4f4 000000f0 T __system_initArgv
0010a5e4 T svcControlMemory
0010a604 T svcExitProcess
0010a60c T svcCreateThread
0010a62c T svcExitThread
0010a634 T svcSleepThread
0010a63c T svcReleaseMutex
0010a644 T svcCreateEvent
0010a658 T svcSignalEvent
0010a660 T svcClearEvent
0010a668 T svcMapMemoryBlock
0010a670 T svcUnmapMemoryBlock
0010a678 T svcCreateAddressArbiter
0010a68c T svcArbitrateAddress
0010a6a4 T svcCloseHandle
0010a6ac T svcWaitSynchronization
0010a6b4 T svcWaitSynchronizationN
0010a6dc T svcDuplicateHandle
0010a6f0 T svcGetSystemTick
0010a6f8 T svcGetSystemInfo
0010a710 T svcConnectToPort
0010a724 T svcSendSyncRequest
0010a72c T svcBreak
0010a734 00000024 t addrMapNodeComparator(rbtree_node const*, rbtree_node const*)
0010a758 00000004 t addrMapNodeDestructor(rbtree_node*)
0010a75c 000000e4 T mappableAlloc
0010a840 00000050 T mappableFree
0010a890 00000038 t LightLock_Unlock.part.1
0010a8c8 0000000c T __sync_init
0010a8d4 00000018 T __sync_fini
0010a8ec 00000010 T __sync_get_arbiter
0010a8fc 00000018 T LightLock_Init
0010a914 0000009c T LightLock_Lock
0010a9b0 00000034 T LightLock_TryLock
0010a9e4 00000020 T LightLock_Unlock
0010aa04 00000024 T RecursiveLock_Init
0010aa28 00000030 T RecursiveLock_Lock
0010aa58 00000058 T RecursiveLock_TryLock
0010aab0 00000038 T RecursiveLock_Unlock
0010aae8 00000038 T LightEvent_Init
0010ab20 0000007c T LightEvent_Clear
0010ab9c 000000dc T LightEvent_Signal
0010ac78 000000c0 T LightEvent_Wait
0010ad38 00000058 T srvExit
0010ad90 00000038 T srvRegisterClient
0010adc8 000000c8 T srvInit
0010ae90 00000080 T srvGetServiceHandleDirect
0010af10 00000038 T srvGetServiceHandle
0010af48 0000001c t threadFree.part.0
0010af64 00000194 T threadCreate
0010b0f8 00000024 T threadJoin
0010b11c 00000068 T threadExit
0010b184 00000048 t _thread_begin
0010b1cc 000000ac T irrstScanInput
0010b278 00000024 T irrstKeysHeld
0010b29c 00000050 T IRRST_GetHandles
0010b2ec 00000154 T irrstInit
0010b440 0000002c T IRRST_Shutdown
0010b46c 000000ac T irrstExit
0010b518 0000000c T srvPmGetSessionHandle
0010b524 00000078 T rbtree_node_next
0010b59c 0000001c W __appInit
0010b5b8 0000001c W __appExit
0010b5d4 000000a0 W __libctru_exit
0010b674 00000080 T envGetHandle
0010b6f4 0000004c T envDestroyHandles
0010b740 00000010 t sdmc_link
0010b750 00000010 t sdmc_dirreset
0010b760 00000010 t sdmc_chmod
0010b770 00000024 t error_cmp
0010b794 00000050 t sdmc_translate_error
0010b7e4 00000034 t sdmc_fsync
0010b818 00000054 t sdmc_ftruncate
0010b86c 000000b8 t sdmc_statvfs
0010b924 00000038 t sdmc_dirclose
0010b95c 0000012c t sdmc_dirnext
0010ba88 00000034 t sdmc_close
0010babc 00000074 t sdmc_fstat
0010bb30 000000d8 t sdmc_seek
0010bc08 00000084 t sdmc_read
0010bc8c 000000c0 t sdmc_write
0010bd4c 000001b0 t sdmc_utf16path
0010befc 00000074 t sdmc_rmdir
0010bf70 000000a4 t sdmc_diropen
0010c014 000000b0 t sdmc_chdir
0010c0c4 00000094 t sdmc_mkdir
0010c158 00000108 t sdmc_rename
0010c260 00000074 t sdmc_unlink
0010c2d4 00000108 t sdmc_stat
0010c3dc 00000198 t sdmc_open
0010c574 00000010 t sdmc_fchmod
0010c584 00000168 T sdmcInit
0010c6ec 00000060 T sdmcExit
0010c74c 00000028 t fsSessionForArchive.part.0
0010c774 000000c4 T fsInit
0010c838 0000003c T fsExit
0010c874 00000064 T fsExemptFromSession
0010c8d8 00000054 T fsUnexemptFromSession
0010c92c 000000bc T FSUSER_OpenFile
0010c9e8 000000a4 T FSUSER_DeleteFile
0010ca8c 000000dc T FSUSER_RenameFile
0010cb68 000000a4 T FSUSER_DeleteDirectory
0010cc0c 000000bc T FSUSER_CreateFile
0010ccc8 000000ac T FSUSER_CreateDirectory
0010cd74 000000dc T FSUSER_RenameDirectory
0010ce50 000000a0 T FSUSER_OpenDirectory
0010cef0 00000098 T FSUSER_OpenArchive
0010cf88 00000070 T FSUSER_CloseArchive
0010cff8 00000078 T FSUSER_GetSdmcArchiveResource
0010d070 00000064 T FSUSER_IsSdmcWritable
0010d0d4 00000058 T FSFILE_Read
0010d12c 00000064 T FSFILE_Write
0010d190 00000038 T FSFILE_GetSize
0010d1c8 00000028 T FSFILE_SetSize
0010d1f0 0000003c T FSFILE_Close
0010d22c 00000024 T FSFILE_Flush
0010d250 00000054 T FSDIR_Read
0010d2a4 0000003c T FSDIR_Close
0010d2e0 000000c0 T utf8_to_utf16
0010d3a0 00000138 T decode_utf8
0010d4d8 000000e8 T utf16_to_utf8
0010d5c0 T __aeabi_read_tp
0010d5cc 00000068 T encode_utf16
0010d634 00000104 T encode_utf8
0010d738 00000060 T decode_utf16
0010d798 0000002c T __aeabi_d2lz
0010d798 0000002c T __fixdfdi
0010d7c8 00000040 T __aeabi_d2ulz
0010d7c8 00000040 T __fixunsdfdi
0010d808 00000128 T __udivmoddi4
0010d930 0000007c T bsearch
0010d9ac 00000020 T calloc
0010d9cc 00000094 T _calloc_r
0010da60 00000040 T __libc_fini_array
0010daa0 0000007c T __libc_init_array
0010db1c 00000020 T memalign
0010db3c 0000014c T _memalign_r
0010dc88 00000018 T malloc
0010dca0 00000018 T free
0010dcb8 000007d8 T _malloc_r
0010e490 00000100 T memchr
0010e590 00000118 T memcpy
0010e6a8 00000114 T memset
0010e7bc 0000000c T __malloc_lock
0010e7c8 0000000c T __malloc_unlock
0010e7d4 00000038 T printf
0010e80c 0000001c T putchar
0010e828 000000dc T _putc_r
0010e904 000000e0 T _puts_r
0010e9e4 00000018 T puts
0010e9fc 0000025c T setvbuf
0010ec58 00000074 T sscanf
0010eccc 0000003c T __sread
0010ed08 00000008 T __seofread
0010ed10 00000068 T __swrite
0010ed78 00000048 T __sseek
0010edc0 00000008 T __sclose
0010edc8 0000005c T strlen
0010ee24 00000098 T strncat
0010eebc 000000e0 T strncpy
0010ef9c 0000005c T strnlen
0010eff8 00000048 t get_arg
0010f040 00002b08 T __ssvfscanf_r
00111b48 00000034 T __sprint_r
00111b7c 00000620 t get_arg
001121a0 00003714 T _vfprintf_r
001158b4 000000d0 t __sbprintf
00115984 00000108 T __swbuf_r
00115a8c 00000054 T _wcrtomb_r
00115ae0 00000020 T _wcsrtombs_r
00115b00 00000150 T __swsetup_r
00115c50 000001c8 t quorem
00115e18 000012e4 T _dtoa_r
001170fc 00000270 T __sflush_r
0011736c 00000094 T _fflush_r
00117400 00000078 t std
00117478 0000000c T _cleanup_r
00117484 0000008c T __sinit
00117510 0000000c T __sfp_lock_acquire
0011751c 0000000c T __sfp_lock_release
00117528 000000f8 T _malloc_trim_r
00117620 000002e4 T _free_r
00117904 000004a4 T __sfvwrite_r
00117da8 00000080 T _fwalk_reent
00117e28 00000008 T iswspace
00117e30 0000000c T _localeconv_r
00117e3c 00000010 T __locale_mb_cur_max
00117e4c 00000094 T __swhatbuf_r
00117ee0 000000f4 T __smakebuf_r
00117fd4 00000060 T _mbrtowc_r
00118034 000002fc T __utf8_mbtowc
00118330 00000154 T memmove
00118484 00000088 T _Balloc
0011850c 0000001c T _Bfree
00118528 000000e0 T __multadd
00118608 000000e4 T __s2b
001186ec 00000058 T __hi0bits
00118744 0000009c T __lo0bits
001187e0 00000020 T __i2b
00118800 000001c4 T __multiply
001189c4 00000100 T __pow5mult
00118ac4 000000f4 T __lshift
00118bb8 0000005c T __mcmp
00118c14 00000168 T __mdiff
00118d7c 00000074 T __ulp
00118df0 000000d4 T __b2d
00118ec4 00000100 T __d2b
00118fc4 00000084 T __ratio
00119048 0000006c T __copybits
001190b4 00000078 T __any_on
0011912c 00000020 T realloc
0011914c 000004bc T _realloc_r
00119608 000000cc T __sccl
001196d4 0000000c T nanf
001196e0 000000a8 T frexp
00119788 00000064 T sprintf
001197ec 00000100 T stpncpy
001198ec 00000180 T strchr
00119a6c 0000010c T strncmp
00119b78 00000054 t sulp
00119bd0 000013c4 T _strtod_l
0011af94 0000000c T _strtod_r
0011afa0 0000025c t _strtoll_l.isra.0
0011b1fc 00000004 T _strtoll_r
0011b200 000001bc t _strtol_l.isra.0
0011b3bc 00000004 T _strtol_r
0011b3c0 0000025c t _strtoull_l.isra.0
0011b61c 00000004 T _strtoull_r
0011b620 000001d0 t _strtoul_l.isra.0
0011b7f0 00000004 T _strtoul_r
0011b7f4 00000188 T __ssprint_r
0011b97c 000000e4 T _sungetc_r
0011ba60 0000006c T __ssrefill_r
0011bacc 000000c8 T _sfread_r
0011bb94 00000620 t get_arg
0011c1b8 00003630 T _svfprintf_r
0011f7e8 000000a4 T __submore
0011f88c 00000184 T _wcsnrtombs_l
0011fa10 0000004c T _wcsnrtombs_r
0011fa5c 000000e8 T __utf8_wctomb
0011fb44 00000160 T _fclose_r
0011fca4 000000ec t rshift
0011fd90 00000828 T __gethex
001205b8 00000060 T __match
00120618 00000254 T __hexnan
0012086c 0000003c T iswspace_l
001208a8 000001e0 t __jp2uc
00120a88 00000094 T _jp2uc_l
00120b20 00000010 T nan
00120b30 00000084 T category
00120bb4 00000008 t null_write
00120bbc 00000018 T setDefaultDevice
00120bd4 000000c8 T FindDevice
00120c9c 00000028 T RemoveDevice
00120cc4 0000009c T AddDevice
00120d60 00000084 T _close_r
00120de4 00000074 T _fstat_r
00120e58 00000008 T _isatty_r
00120e60 00000084 T _lseek_r
00120ee4 00000080 T _read_r
00120f64 00000070 T _sbrk_r
00120fd4 00000080 T _write_r
00121054 000001cc T _concatenate_path
00121220 0000015c T chdir
0012137c 00000008 T __flockfile
00121384 00000008 T __funlockfile
0012138c 00000018 T __libc_lock_acquire
001213a4 00000018 T __libc_lock_release
001213bc 00000018 T __libc_lock_init_recursive
001213d4 00000018 T __libc_lock_acquire_recursive
001213ec 00000018 T __libc_lock_release_recursive
00121404 00000018 T __libc_lock_close_recursive
0012141c 0000008c T __release_handle
001214a8 00000018 T __get_handle
001214c0 00000028 T __getreent
001214e8 00000044 T strrchr
0012152c T _fini
00122000 R render2d_shbin
0012218c R render2d_shbin_end
0012218c R render2d_shbin_size
00122190 R default_font_bin
00122990 R default_font_bin_end
00122990 R default_font_bin_size
00122ae0 00000005 r colorFmtSizes
00122ae8 00000004 r depthFmtSizes
00122aec 00000010 r CSWTCH.7
00122afc 00000030 r colorTable
00122b80 00000070 r dotab_stdout
00122c00 00000014 r CSWTCH.56
00122c14 00000008 r framebufferInfoSt
00122c74 00000030 r error_table
00122cc4 00000022 r basefix.8784
00122d24 00000010 r blanks.8755
00122d34 00000010 r zeroes.8756
00122d44 00000101 R _ctype_
00122e58 r .LC2
00122ea0 00000028 R __mprec_bigtens
00122ec8 000000c8 R __mprec_tens
00122f90 0000000c r p05.7474
00122fac 00000014 r fpi.7554
00122fc0 00000014 r fpinan.7590
00122fd8 00000028 r tinytens
00123000 0000006c R __action_table
0012306c 00000100 R __chclass
0012316c 0000006c R __state_table
001231d8 00000010 r blanks.8740
001231e8 00000010 r zeroes.8741
001231f8 00000100 R __hexdig
0012330c 000000bc r a1
001233c8 000000bc r a2
00123484 0000005b r a3
001234e0 00000070 r a6
00123550 000000a2 r a7
001235f4 00000040 r a8
00123634 0000172a r b02cf
00124d60 00001a7c r d02f4
001267dc 0000000c R _C_numeric_locale
001267e8 0000309c r categories
0012988c 00000070 R dotab_stdnull
001298fc 00000003 R DIRECTORY_PARENT
00129900 r 
00129900 R __exidx_end
00129900 R __exidx_start
0012a000 W __stacksize__
0012a004 00000004 d framerate
0012a008 00000008 d framerateCounter
0012a010 00000004 D currentConsole
0012a014 0000004c D defaultConsole
0012a060 00000001 d firstConsoleInit.8423
0012a061 00000001 d botFormat
0012a064 00000008 d doubleBuf
0012a06c 00000001 d topFormat
0012a070 00000004 d queueLock
0012a074 00000004 d gspLastEvent
0012a078 00000004 d aptFlags
0012a07c 00000004 V __ctru_linear_heap_size
0012a080 00000401 d __cwd
0012a484 00000070 d sdmc_devoptab
0012a4f4 00000004 D _impure_ptr
0012a4f8 00000460 d impure_data
0012a958 00000408 D __malloc_av_
0012ad60 00000004 D __malloc_sbrk_base
0012ad64 00000004 D __malloc_trim_threshold
0012ad68 0000000c d __malloc_recursive_mutex
0012ad74 0000000c d __sfp_recursive_mutex
0012ad80 0000000c d __sinit_recursive_mutex
0012ad8c 0000016c D __global_locale
0012aef8 00000002 d numempty
0012aefc 00000004 d defaultDevice
0012af00 0000008c D devoptab_list
0012af8c 00000400 d _current_working_directory
0012b38c 00000004 d __hndl_lock
0012b390 0000000c d __stderr_handle
0012b39c 0000000c d __stdin_handle
0012b3a8 0000000c d __stdout_handle
0012b3b4 00001000 d handles
0012c3b4 D __TMC_END__
0012c3b4 d __TMC_LIST__
0012c3b4 t __frame_dummy_init_array_entry
0012c3b4 T __init_array_start
0012c3b4 B __preinit_array_end
0012c3b4 B __preinit_array_start
0012c3b4 D __tdata_lma
0012c3b4 D __tdata_lma_end
0012c3b8 t __do_global_dtors_aux_fini_array_entry
0012c3b8 T __fini_array_start
0012c3b8 T __init_array_end
0012c3bc T __bss_start__
0012c3bc T __fini_array_end
0012c3bc b saved_stack
0012c3c4 b completed.10349
0012c3c8 b object.10354
0012c3e0 00000040 b s_projBot
0012c420 00000040 b s_projTop
0012c460 00000004 b uLoc_mdlvMtx
0012c464 00000004 b uLoc_projMtx
0012c468 0000000c b hookCookie
0012c478 00000010 b cpuTime
0012c488 00000004 b firstTarget
0012c48c 00000008 b frameCounter
0012c494 00000004 b frameEndCb
0012c498 00000004 b frameEndCbData
0012c49c 00000001 b frameStage
0012c4a0 00000010 b gpuTime
0012c4b0 00000001 b inFrame
0012c4b1 00000001 b inSafeTransfer
0012c4b2 00000001 b initialized
0012c4b4 00000004 b lastTarget
0012c4b8 0000000c b linkedTarget
0012c4c4 00000001 b measureGpuTime
0012c4c8 000000c0 b C3Di_FVUnifEverDirty
0012c588 00000008 b C3Di_IVUnifEverDirty
0012c590 00000018 b C3Di_ShaderFVecData
0012c5a8 0000000c b sAddrMap
0012c5b4 00000008 b sVramPool
0012c5bc 00000008 b sLinearPool
0012c5c4 0000000c b sAddrMap
0012c5d0 00000001 V __ctru_speedup
0012c5d4 00000002 b currentBuffer
0012c5d6 00000001 b enable3d
0012c5d8 00000004 b screenAlloc
0012c5dc 00000004 b screenFree
0012c5e0 00000004 b boundQueue
0012c5e4 00000004 b curQueue
0012c5e8 00000001 b isActive
0012c5e9 00000001 b isRunning
0012c5ea 00000001 b shouldStop
0012c5ec 00000004 b gspEvent
0012c5f0 0000001c b gspEventCb
0012c60c 0000001c b gspEventCbData
0012c628 00000007 b gspEventCbOneShot
0012c630 0000001c b gspEventCounts
0012c64c 00000004 b gspEventData
0012c650 00000004 b gspEventThread
0012c654 00000038 b gspEvents
0012c68c 00000004 b gspRefCount
0012c690 00000001 b gspRunEvents
0012c691 00000001 b aptChainloadMediatype
0012c698 00000008 b aptChainloadTid
0012c6a0 00000004 b aptEventHandlerThread
0012c6a4 0000000c b aptEvents
0012c6b0 0000000c b aptFirstHook
0012c6bc 00000001 b aptHomeButtonState
0012c6c0 00000004 b aptLockHandle
0012c6c4 00000004 b aptMessageFunc
0012c6c8 00000004 b aptMessageFuncData
0012c6cc 00001000 b aptParameters
0012d6cc 00000004 b aptRefCount
0012d6d0 00000008 b aptSleepEvent
0012d6d8 00000001 b flagInit.8274
0012d6d9 00000001 b flagValue.8275
0012d6dc 00000004 b serviceName.7913
0012d6e0 00000006 b aVec
0012d6e8 00000004 b cPos
0012d6ec 00000006 b gRate
0012d6f4 00000004 b hidRefCount
0012d6f8 00000004 b kDown
0012d6fc 00000004 b kHeld
0012d700 00000004 b kOld
0012d704 00000004 b kUp
0012d708 00000004 b tPos
0012d70c 00000004 b ptmSysmHandle
0012d710 00000004 b ptmSysmRefCount
0012d714 00000004 V __ctru_heap_size
0012d718 00000008 b sMappablePool
0012d720 0000000c b sAddrMap
0012d72c 00000004 b arbiter
0012d730 00000004 b srvHandle
0012d734 00000004 b srvRefCount
0012d738 00000004 b csPos
0012d73c 00000004 b irrstRefCount
0012d740 00000004 b kHeld
0012d744 00000004 b srvPmHandle
0012d748 00000008 b sdmcArchive
0012d750 00000001 b sdmcInitialised
0012d758 00000080 b fsExemptArchives
0012d7d8 00000004 b fsuHandle
0012d7dc 00000004 b fsuRefCount
0012d7e0 00000028 B __malloc_current_mallinfo
0012d808 00000004 B __malloc_max_sbrked_mem
0012d80c 00000004 B __malloc_max_total_mem
0012d810 00000004 B __malloc_top_pad
0012d814 00000004 b heap_start.7414
0012d818 00000004 B fake_heap_end
0012d81c 00000004 B fake_heap_start
0012d820 00000400 b temp_cwd
0012dc20 00000048 B __syscalls
0012dc68 000005a0 B __C2Di_Context
0012e208 000002d0 B __C3D_Context
0012e4d8 00000020 B C3D_IVUnif
0012e4f8 000000c0 B C3D_FVUnifDirty
0012e5b8 00000002 B C3D_BoolUnifsDirty
0012e5bc 00000008 B C3D_IVUnifDirty
0012e5c4 00000004 B C3D_BoolUnifs
0012e5c8 00000c00 B C3D_FVUnif
0012f1c8 0000004c B currentCopy
0012f214 00000008 B gfxBottomFramebuffers
0012f21c 00000004 B gspSharedMemHandle
0012f220 0000001c B bottomFramebufferInfo
0012f23c 00000004 B gspEvent
0012f240 00000008 B gfxTopLeftFramebuffers
0012f248 00000008 B gfxTopRightFramebuffers
0012f250 0000001c B topFramebufferInfo
0012f26c 00000001 B gfxThreadID
0012f270 00000004 B gfxSharedMemory
0012f274 00000004 B gfxTopFramebufferMaxSize
0012f278 00000004 B gfxBottomFramebufferMaxSize
0012f27c 00000004 B gxCmdBuf
0012f280 00000004 B gpuCmdBuf
0012f284 00000004 B gpuCmdBufOffset
0012f288 00000004 B gpuCmdBufSize
0012f28c 00000004 B gspGpuHandle
0012f290 00000004 B hidMemHandle
0012f294 00000004 B hidHandle
0012f298 00000004 B hidSharedMem
0012f29c 00000014 B hidEvents
0012f2b0 00000004 B __system_retAddr
0012f2b4 00000004 B __ctru_linear_heap
0012f2b8 00000004 B __ctru_heap
0012f2bc 00000004 B __system_argv
0012f2c0 00000004 B __system_argc
0012f2c4 00000004 B irrstHandle
0012f2c8 00000004 B irrstEvent
0012f2cc 00000004 B irrstMemHandle
0012f2d0 00000004 B irrstSharedMem
0012f2d4 B __tls_start
001306e0 B __bss_end__
001306e0 A __end__
001306e0 B __tls_end
